"../../../../../Users/ppfei/Documents/Unreal Projects/RTS2021/Content/Sprites/unit02.uasset" 0
"../../../../../Users/ppfei/Documents/Unreal Projects/RTS2021/Content/Sprites/unit01.uasset" 1
"../../../../../Users/ppfei/Documents/Unreal Projects/RTS2021/Content/Sprites/unit00.uasset" 2
"../../../Engine/Content/EditorBlueprintResources/StandardMacros.uasset" 3
"../../../../../Users/ppfei/Documents/Unreal Projects/RTS2021/Content/Models/Marine/Material_001.uasset" 4
"../../../../../Users/ppfei/Documents/Unreal Projects/RTS2021/Content/Models/Marine/Marine04_PhysicsAsset.uasset" 5
"../../../../../Users/ppfei/Documents/Unreal Projects/RTS2021/Content/Models/Marine/Material_002.uasset" 6
"../../../../../Users/ppfei/Documents/Unreal Projects/RTS2021/Content/Models/Marine/Material.uasset" 7
"../../../../../Users/ppfei/Documents/Unreal Projects/RTS2021/Content/Models/Marine/marine_Skeleton.uasset" 8
"../../../../../Users/ppfei/Documents/Unreal Projects/RTS2021/Content/Models/Marine/Marine04.uasset" 9
"../../../../../Users/ppfei/Documents/Unreal Projects/RTS2021/Content/Models/Marine/rifle.uasset" 10
"../../../../../Users/ppfei/Documents/Unreal Projects/RTS2021/Content/StarterContent/Textures/T_Smoke_Tiled_D.uasset" 11
"../../../../../Users/ppfei/Documents/Unreal Projects/RTS2021/Content/StarterContent/Textures/T_Smoke_SubUV.uasset" 12
"../../../../../Users/ppfei/Documents/Unreal Projects/RTS2021/Content/StarterContent/Particles/Materials/M_smoke_subUV.uasset" 13
"../../../../../Users/ppfei/Documents/Unreal Projects/RTS2021/Content/StarterContent/Textures/T_Fire_Tiled_D.uasset" 14
"../../../../../Users/ppfei/Documents/Unreal Projects/RTS2021/Content/StarterContent/Textures/T_Fire_SubUV.uasset" 15
"../../../../../Users/ppfei/Documents/Unreal Projects/RTS2021/Content/StarterContent/Particles/Materials/M_Fire_SubUV.uasset" 16
"../../../../../Users/ppfei/Documents/Unreal Projects/RTS2021/Content/Particles/P_Marine.uasset" 17
"../../../Engine/Content/Animation/DefaultAnimCurveCompressionSettings.uasset" 18
"../../../Engine/Content/Animation/DefaultAnimBoneCompressionSettings.uasset" 19
"../../../../../Users/ppfei/Documents/Unreal Projects/RTS2021/Content/Models/Marine/Walk.uasset" 20
"../../../../../Users/ppfei/Documents/Unreal Projects/RTS2021/Content/Models/Marine/MarineIdle02_Anim_mixamo_com.uasset" 21
"../../../../../Users/ppfei/Documents/Unreal Projects/RTS2021/Content/Models/Marine/Idle.uasset" 22
"../../../../../Users/ppfei/Documents/Unreal Projects/RTS2021/Content/Models/Marine/AnimBP_marine.uasset" 23
"../../../../../Users/ppfei/Documents/Unreal Projects/RTS2021/Content/Materials/M_Red.uasset" 24
"../../../../../Users/ppfei/Documents/Unreal Projects/RTS2021/Content/BP/Widgets/W_HealthBar.uasset" 25
"../../../../../Users/ppfei/Documents/Unreal Projects/RTS2021/Content/BP/BP_Unit00.uasset" 26
"../../../../../Users/ppfei/Documents/Unreal Projects/RTS2021/Content/Unit_Blackboard.uasset" 27
"../../../../../Users/ppfei/Documents/Unreal Projects/RTS2021/Content/Unit_AttackTask.uasset" 28
"../../../../../Users/ppfei/Documents/Unreal Projects/RTS2021/Content/Unit_BehaviorTree.uasset" 29
"../../../../../Users/ppfei/Documents/Unreal Projects/RTS2021/Content/BP/BP_UnitController.uasset" 30
"../../../../../Users/ppfei/Documents/Unreal Projects/RTS2021/Content/Materials/M_Blue.uasset" 31
"../../../../../Users/ppfei/Documents/Unreal Projects/RTS2021/Content/BP/BPC_Unit.uasset" 32
"../../../Engine/Content/Functions/Engine_MaterialFunctions01/Gradient/RadialGradient.uasset" 33
"../../../../../Users/ppfei/Documents/Unreal Projects/RTS2021/Content/StarterContent/Particles/Materials/M_radial_ramp.uasset" 34
"../../../../../Users/ppfei/Documents/Unreal Projects/RTS2021/Content/StarterContent/Particles/Materials/m_flare_01.uasset" 35
"../../../../../Users/ppfei/Documents/Unreal Projects/RTS2021/Content/StarterContent/Textures/T_Explosion_SubUV.uasset" 36
"../../../../../Users/ppfei/Documents/Unreal Projects/RTS2021/Content/StarterContent/Particles/Materials/M_explosion_subUV.uasset" 37
"../../../../../Users/ppfei/Documents/Unreal Projects/RTS2021/Content/StarterContent/Textures/T_Burst_M.uasset" 38
"../../../../../Users/ppfei/Documents/Unreal Projects/RTS2021/Content/StarterContent/Particles/Materials/M_Burst.uasset" 39
"../../../../../Users/ppfei/Documents/Unreal Projects/RTS2021/Content/Particles/P_Tank.uasset" 40
"../../../../../Users/ppfei/Documents/Unreal Projects/RTS2021/Content/Models/tank/Material.uasset" 41
"../../../../../Users/ppfei/Documents/Unreal Projects/RTS2021/Content/Models/tank/Material_001.uasset" 42
"../../../../../Users/ppfei/Documents/Unreal Projects/RTS2021/Content/Models/tank/tank_Cube.uasset" 43
"../../../../../Users/ppfei/Documents/Unreal Projects/RTS2021/Content/Models/Marine/soldier_fbx_05_PhysicsAsset.uasset" 44
"../../../../../Users/ppfei/Documents/Unreal Projects/RTS2021/Content/Mannequin/Character/Mesh/UE4_Mannequin_Skeleton.uasset" 45
"../../../../../Users/ppfei/Documents/Unreal Projects/RTS2021/Content/Models/Marine/soldier_fbx_05.uasset" 46
"../../../../../Users/ppfei/Documents/Unreal Projects/RTS2021/Content/Models/Environment/Material.uasset" 47
"../../../../../Users/ppfei/Documents/Unreal Projects/RTS2021/Content/BP/BP_Unit01.uasset" 48
"../../../../../Users/ppfei/Documents/Unreal Projects/RTS2021/Content/Models/Helicopter/PaletteTextureUltra.uasset" 49
"../../../Engine/Content/Functions/Engine_MaterialFunctions01/Opacity/CameraDepthFade.uasset" 50
"../../../Engine/Content/EngineMaterials/T_Default_Material_Grid_N.uasset" 51
"../../../Engine/Content/EngineMaterials/T_Default_Material_Grid_M.uasset" 52
"../../../Engine/Content/EngineMaterials/WorldGridMaterial.uasset" 53
"../../../../../Users/ppfei/Documents/Unreal Projects/RTS2021/Content/Models/Helicopter/heli_Body.uasset" 54
"../../../../../Users/ppfei/Documents/Unreal Projects/RTS2021/Content/Models/Helicopter/heli_Rotor.uasset" 55
"../../../../../Users/ppfei/Documents/Unreal Projects/RTS2021/Content/StarterContent/Particles/Materials/M_Radial_Gradient.uasset" 56
"../../../../../Users/ppfei/Documents/Unreal Projects/RTS2021/Content/Particles/P_Heli.uasset" 57
"../../../../../Users/ppfei/Documents/Unreal Projects/RTS2021/Content/BP/BP_Unit02.uasset" 58
"../../../../../Users/ppfei/Documents/Unreal Projects/RTS2021/Content/BP/BP_Spawner.uasset" 59
"../../../../../Users/ppfei/Documents/Unreal Projects/RTS2021/Content/BP/BP_GameState.uasset" 60
"../../../../../Users/ppfei/Documents/Unreal Projects/RTS2021/Content/BP/Widgets/W_MainOverlay.uasset" 61
"../../../../../Users/ppfei/Documents/Unreal Projects/RTS2021/Content/BP/BP_MainCameraPawn.uasset" 62
"../../../../../Users/ppfei/Documents/Unreal Projects/RTS2021/Content/BP/BP_PlayerController.uasset" 63
"../../../../../Users/ppfei/Documents/Unreal Projects/RTS2021/Content/BP/BP_Gamemode.uasset" 64
"../../../../../Users/ppfei/Documents/Unreal Projects/RTS2021/Content/BP/Widgets/W_HealthBar02.uasset" 65
"../../../../../Users/ppfei/Documents/Unreal Projects/RTS2021/Content/Geometry/Meshes/CubeMaterial.uasset" 66
"../../../../../Users/ppfei/Documents/Unreal Projects/RTS2021/Content/Geometry/Meshes/1M_Cube.uasset" 67
"../../../../../Users/ppfei/Documents/Unreal Projects/RTS2021/Content/Geometry/Meshes/1M_Cube_Chamfer.uasset" 68
"../../../../../Users/ppfei/Documents/Unreal Projects/RTS2021/Content/Geometry/Meshes/TemplateFloor.uasset" 69
"../../../../../Users/ppfei/Documents/Unreal Projects/RTS2021/Content/Mannequin/Animations/ThirdPersonJump_End.uasset" 70
"../../../../../Users/ppfei/Documents/Unreal Projects/RTS2021/Content/Mannequin/Animations/ThirdPersonWalk.uasset" 71
"../../../../../Users/ppfei/Documents/Unreal Projects/RTS2021/Content/Mannequin/Animations/ThirdPersonRun.uasset" 72
"../../../../../Users/ppfei/Documents/Unreal Projects/RTS2021/Content/Mannequin/Animations/ThirdPersonIdle.uasset" 73
"../../../../../Users/ppfei/Documents/Unreal Projects/RTS2021/Content/Mannequin/Animations/ThirdPerson_IdleRun_2D.uasset" 74
"../../../../../Users/ppfei/Documents/Unreal Projects/RTS2021/Content/Mannequin/Animations/ThirdPerson_Jump.uasset" 75
"../../../../../Users/ppfei/Documents/Unreal Projects/RTS2021/Content/Mannequin/Animations/ThirdPersonJump_Start.uasset" 76
"../../../../../Users/ppfei/Documents/Unreal Projects/RTS2021/Content/Mannequin/Animations/ThirdPersonJump_Loop.uasset" 77
"../../../../../Users/ppfei/Documents/Unreal Projects/RTS2021/Content/Mannequin/Animations/ThirdPerson_AnimBP.uasset" 78
"../../../../../Users/ppfei/Documents/Unreal Projects/RTS2021/Content/Mannequin/Character/Mesh/SK_Mannequin_PhysicsAsset.uasset" 79
"../../../../../Users/ppfei/Documents/Unreal Projects/RTS2021/Content/Mannequin/Character/Textures/T_UE4Logo_N.uasset" 80
"../../../../../Users/ppfei/Documents/Unreal Projects/RTS2021/Content/Mannequin/Character/Textures/T_UE4Logo_Mask.uasset" 81
"../../../../../Users/ppfei/Documents/Unreal Projects/RTS2021/Content/Mannequin/Character/Textures/T_Male_N.uasset" 82
"../../../../../Users/ppfei/Documents/Unreal Projects/RTS2021/Content/Mannequin/Character/Textures/T_Male_Mask.uasset" 83
"../../../../../Users/ppfei/Documents/Unreal Projects/RTS2021/Content/Mannequin/Character/Materials/MaterialLayers/T_ML_Rubber_Blue_01_N.uasset" 84
"../../../../../Users/ppfei/Documents/Unreal Projects/RTS2021/Content/Mannequin/Character/Materials/MaterialLayers/T_ML_Rubber_Blue_01_D.uasset" 85
"../../../../../Users/ppfei/Documents/Unreal Projects/RTS2021/Content/Mannequin/Character/Materials/MaterialLayers/T_ML_Aluminum01_N.uasset" 86
"../../../../../Users/ppfei/Documents/Unreal Projects/RTS2021/Content/Mannequin/Character/Materials/MaterialLayers/T_ML_Aluminum01.uasset" 87
"../../../../../Users/ppfei/Documents/Unreal Projects/RTS2021/Content/Mannequin/Character/Materials/MaterialLayers/ML_SoftMetal_UE4.uasset" 88
"../../../../../Users/ppfei/Documents/Unreal Projects/RTS2021/Content/Mannequin/Character/Materials/MaterialLayers/ML_Plastic_Shiny_Beige_LOGO.uasset" 89
"../../../../../Users/ppfei/Documents/Unreal Projects/RTS2021/Content/Mannequin/Character/Materials/MaterialLayers/ML_Plastic_Shiny_Beige.uasset" 90
"../../../../../Users/ppfei/Documents/Unreal Projects/RTS2021/Content/Mannequin/Character/Materials/MaterialLayers/ML_GlossyBlack_Latex_UE4.uasset" 91
"../../../Engine/Content/Functions/MaterialLayerFunctions/MatLayerBlend_Simple.uasset" 92
"../../../Engine/Content/Functions/Engine_MaterialFunctions02/Utility/BlendAngleCorrectedNormals.uasset" 93
"../../../Engine/Content/Functions/MaterialLayerFunctions/MatLayerBlend_NormalBlend.uasset" 94
"../../../../../Users/ppfei/Documents/Unreal Projects/RTS2021/Content/Mannequin/Character/Materials/M_Male_Body.uasset" 95
"../../../../../Users/ppfei/Documents/Unreal Projects/RTS2021/Content/Mannequin/Character/Materials/M_UE4Man_ChestLogo.uasset" 96
"../../../../../Users/ppfei/Documents/Unreal Projects/RTS2021/Content/Mannequin/Character/Mesh/SK_Mannequin.uasset" 97
"../../../../../Users/ppfei/Documents/Unreal Projects/RTS2021/Content/Mannequin/Character/Mesh/SK_Mannequin_Female_PhysicsAsset.uasset" 98
"../../../../../Users/ppfei/Documents/Unreal Projects/RTS2021/Content/Mannequin/Character/Textures/T_Female_N.uasset" 99
"../../../../../Users/ppfei/Documents/Unreal Projects/RTS2021/Content/Mannequin/Character/Textures/T_Female_Mask.uasset" 100
"../../../../../Users/ppfei/Documents/Unreal Projects/RTS2021/Content/Mannequin/Character/Materials/MI_Female_Body.uasset" 101
"../../../../../Users/ppfei/Documents/Unreal Projects/RTS2021/Content/Mannequin/Character/Mesh/SK_Mannequin_Female.uasset" 102
"../../../../../Users/ppfei/Documents/Unreal Projects/RTS2021/Content/Materials/M_Green.uasset" 103
"../../../../../Users/ppfei/Documents/Unreal Projects/RTS2021/Content/Models/Environment/Material_001.uasset" 104
"../../../../../Users/ppfei/Documents/Unreal Projects/RTS2021/Content/Models/Material_001.uasset" 105
"../../../../../Users/ppfei/Documents/Unreal Projects/RTS2021/Content/Models/Environment/rock01.uasset" 106
"../../../../../Users/ppfei/Documents/Unreal Projects/RTS2021/Content/Models/rock01.uasset" 107
"../../../../../Users/ppfei/Documents/Unreal Projects/RTS2021/Content/Models/Environment/Material_002.uasset" 108
"../../../../../Users/ppfei/Documents/Unreal Projects/RTS2021/Content/Models/Environment/tree.uasset" 109
"../../../../../Users/ppfei/Documents/Unreal Projects/RTS2021/Content/Models/tree.uasset" 110
"../../../../../Users/ppfei/Documents/Unreal Projects/RTS2021/Content/Models/Environment/tree01.uasset" 111
"../../../../../Users/ppfei/Documents/Unreal Projects/RTS2021/Content/Models/tree01.uasset" 112
"../../../../../Users/ppfei/Documents/Unreal Projects/RTS2021/Content/Models/Environment/platform.uasset" 113
"../../../../../Users/ppfei/Documents/Unreal Projects/RTS2021/Content/Models/Marine/marine_PhysicsAsset.uasset" 114
"../../../../../Users/ppfei/Documents/Unreal Projects/RTS2021/Content/Models/Marine/marine.uasset" 115
"../../../../../Users/ppfei/Documents/Unreal Projects/RTS2021/Content/Models/Marine/marine02_PhysicsAsset.uasset" 116
"../../../../../Users/ppfei/Documents/Unreal Projects/RTS2021/Content/Models/Marine/marine02.uasset" 117
"../../../../../Users/ppfei/Documents/Unreal Projects/RTS2021/Content/Models/Marine/marine02_Anim.uasset" 118
"../../../../../Users/ppfei/Documents/Unreal Projects/RTS2021/Content/Models/Marine/Marine03_PhysicsAsset.uasset" 119
"../../../../../Users/ppfei/Documents/Unreal Projects/RTS2021/Content/Models/Marine/Marine03.uasset" 120
"../../../../../Users/ppfei/Documents/Unreal Projects/RTS2021/Content/Models/Marine/Marine03_Anim_Armature_Armature_Armature_Armature_Armature_Armature_Armature_Armature_.uasset" 121
"../../../../../Users/ppfei/Documents/Unreal Projects/RTS2021/Content/Models/Marine/Marine03_Anim_Armature_Armature_mixamo_com_Layer0.uasset" 122
"../../../../../Users/ppfei/Documents/Unreal Projects/RTS2021/Content/Models/Marine/Marine03_Anim_mixamo_com.uasset" 123
"../../../../../Users/ppfei/Documents/Unreal Projects/RTS2021/Content/Models/Marine/Marine04_Anim_Armature_Armature_Armature_Armature_Armature_Armature_Armature_Armature_.uasset" 124
"../../../../../Users/ppfei/Documents/Unreal Projects/RTS2021/Content/Models/Marine/Marine04_Anim_Armature_Armature_mixamo_com_Layer0.uasset" 125
"../../../../../Users/ppfei/Documents/Unreal Projects/RTS2021/Content/Models/Marine/Marine04_Anim_mixamo_com.uasset" 126
"../../../../../Users/ppfei/Documents/Unreal Projects/RTS2021/Content/Models/Marine/MarineIdle02_PhysicsAsset.uasset" 127
"../../../../../Users/ppfei/Documents/Unreal Projects/RTS2021/Content/Models/Marine/MarineIdle02.uasset" 128
"../../../../../Users/ppfei/Documents/Unreal Projects/RTS2021/Content/Models/Marine/MarineIdle02_Anim_Armature_Armature_Armature_Armature_Armature_Armature_mixamo_com_Layer0_.uasset" 129
"../../../../../Users/ppfei/Documents/Unreal Projects/RTS2021/Content/Models/Marine/marine_Anim.uasset" 130
"../../../../../Users/ppfei/Documents/Unreal Projects/RTS2021/Content/Models/Marine/soldier_fbx_05_Anim.uasset" 131
"../../../../../Users/ppfei/Documents/Unreal Projects/RTS2021/Content/Models/Marine/v2/jugger_Skeleton.uasset" 132
"../../../../../Users/ppfei/Documents/Unreal Projects/RTS2021/Content/Models/Marine/v2/jugger_PhysicsAsset.uasset" 133
"../../../../../Users/ppfei/Documents/Unreal Projects/RTS2021/Content/Models/Marine/v2/Material_004.uasset" 134
"../../../../../Users/ppfei/Documents/Unreal Projects/RTS2021/Content/Models/Marine/v2/Material.uasset" 135
"../../../../../Users/ppfei/Documents/Unreal Projects/RTS2021/Content/Models/Marine/v2/jugger.uasset" 136
"../../../../../Users/ppfei/Documents/Unreal Projects/RTS2021/Content/Models/Marine/v2/jugger_Anim.uasset" 137
"../../../../../Users/ppfei/Documents/Unreal Projects/RTS2021/Content/Models/tank/tank_Cube_001.uasset" 138
"../../../../../Users/ppfei/Documents/Unreal Projects/RTS2021/Content/Sprites/S_Unit01.uasset" 139
"../../../../../Users/ppfei/Documents/Unreal Projects/RTS2021/Content/StarterContent/Materials/M_Basic_Wall.uasset" 140
"../../../../../Users/ppfei/Documents/Unreal Projects/RTS2021/Content/StarterContent/Architecture/Pillar_50x500.uasset" 141
"../../../../../Users/ppfei/Documents/Unreal Projects/RTS2021/Content/StarterContent/Architecture/Wall_400x300.uasset" 142
"../../../../../Users/ppfei/Documents/Unreal Projects/RTS2021/Content/StarterContent/Architecture/Wall_400x400.uasset" 143
"../../../../../Users/ppfei/Documents/Unreal Projects/RTS2021/Content/StarterContent/Architecture/Wall_500x500.uasset" 144
"../../../../../Users/ppfei/Documents/Unreal Projects/RTS2021/Content/StarterContent/Architecture/Wall_Door_400x400.uasset" 145
"../../../../../Users/ppfei/Documents/Unreal Projects/RTS2021/Content/StarterContent/Architecture/Wall_Window_400x400.uasset" 146
"../../../../../Users/ppfei/Documents/Unreal Projects/RTS2021/Content/StarterContent/Audio/Collapse01.uasset" 147
"../../../../../Users/ppfei/Documents/Unreal Projects/RTS2021/Content/StarterContent/Audio/Collapse02.uasset" 148
"../../../../../Users/ppfei/Documents/Unreal Projects/RTS2021/Content/StarterContent/Audio/Explosion01.uasset" 149
"../../../../../Users/ppfei/Documents/Unreal Projects/RTS2021/Content/StarterContent/Audio/Explosion02.uasset" 150
"../../../../../Users/ppfei/Documents/Unreal Projects/RTS2021/Content/StarterContent/Audio/Fire01.uasset" 151
"../../../../../Users/ppfei/Documents/Unreal Projects/RTS2021/Content/StarterContent/Audio/Fire_Sparks01.uasset" 152
"../../../../../Users/ppfei/Documents/Unreal Projects/RTS2021/Content/StarterContent/Audio/Light01.uasset" 153
"../../../../../Users/ppfei/Documents/Unreal Projects/RTS2021/Content/StarterContent/Audio/Light01_Cue.uasset" 154
"../../../../../Users/ppfei/Documents/Unreal Projects/RTS2021/Content/StarterContent/Audio/Light02.uasset" 155
"../../../../../Users/ppfei/Documents/Unreal Projects/RTS2021/Content/StarterContent/Audio/Light02_Cue.uasset" 156
"../../../../../Users/ppfei/Documents/Unreal Projects/RTS2021/Content/StarterContent/Audio/Smoke01.uasset" 157
"../../../../../Users/ppfei/Documents/Unreal Projects/RTS2021/Content/StarterContent/Audio/Starter_Birds01.uasset" 158
"../../../../../Users/ppfei/Documents/Unreal Projects/RTS2021/Content/StarterContent/Audio/Starter_Music01.uasset" 159
"../../../../../Users/ppfei/Documents/Unreal Projects/RTS2021/Content/StarterContent/Audio/Starter_Wind05.uasset" 160
"../../../../../Users/ppfei/Documents/Unreal Projects/RTS2021/Content/StarterContent/Audio/Starter_Wind06.uasset" 161
"../../../../../Users/ppfei/Documents/Unreal Projects/RTS2021/Content/StarterContent/Audio/Steam01.uasset" 162
"../../../../../Users/ppfei/Documents/Unreal Projects/RTS2021/Content/StarterContent/Particles/P_Explosion.uasset" 163
"../../../../../Users/ppfei/Documents/Unreal Projects/RTS2021/Content/StarterContent/Audio/Explosion_Cue.uasset" 164
"../../../../../Users/ppfei/Documents/Unreal Projects/RTS2021/Content/StarterContent/Blueprints/Blueprint_Effect_Explosion.uasset" 165
"../../../Engine/Content/EditorMeshes/ColorCalibrator/T_ColorGrid.uasset" 166
"../../../../../Users/ppfei/Documents/Unreal Projects/RTS2021/Content/StarterContent/Materials/M_ColorGrid_LowSpec.uasset" 167
"../../../../../Users/ppfei/Documents/Unreal Projects/RTS2021/Content/StarterContent/Textures/T_Bush_N.uasset" 168
"../../../../../Users/ppfei/Documents/Unreal Projects/RTS2021/Content/StarterContent/Textures/T_Bush_D.uasset" 169
"../../../../../Users/ppfei/Documents/Unreal Projects/RTS2021/Content/StarterContent/Props/Materials/M_Bush.uasset" 170
"../../../../../Users/ppfei/Documents/Unreal Projects/RTS2021/Content/StarterContent/Props/SM_Bush.uasset" 171
"../../../../../Users/ppfei/Documents/Unreal Projects/RTS2021/Content/StarterContent/Textures/T_Chair_N.uasset" 172
"../../../../../Users/ppfei/Documents/Unreal Projects/RTS2021/Content/StarterContent/Textures/T_Chair_M.uasset" 173
"../../../../../Users/ppfei/Documents/Unreal Projects/RTS2021/Content/StarterContent/Props/Materials/M_Chair.uasset" 174
"../../../../../Users/ppfei/Documents/Unreal Projects/RTS2021/Content/StarterContent/Props/SM_Couch.uasset" 175
"../../../../../Users/ppfei/Documents/Unreal Projects/RTS2021/Content/StarterContent/Textures/T_Door_N.uasset" 176
"../../../../../Users/ppfei/Documents/Unreal Projects/RTS2021/Content/StarterContent/Textures/T_Door_M.uasset" 177
"../../../../../Users/ppfei/Documents/Unreal Projects/RTS2021/Content/StarterContent/Props/Materials/M_Door.uasset" 178
"../../../../../Users/ppfei/Documents/Unreal Projects/RTS2021/Content/StarterContent/Materials/M_Glass.uasset" 179
"../../../../../Users/ppfei/Documents/Unreal Projects/RTS2021/Content/StarterContent/Props/SM_Door.uasset" 180
"../../../../../Users/ppfei/Documents/Unreal Projects/RTS2021/Content/StarterContent/Props/Materials/M_MaterialSphere_Plain.uasset" 181
"../../../../../Users/ppfei/Documents/Unreal Projects/RTS2021/Content/StarterContent/Props/Materials/M_MaterialSphere.uasset" 182
"../../../../../Users/ppfei/Documents/Unreal Projects/RTS2021/Content/StarterContent/Props/SM_MatPreviewMesh_02.uasset" 183
"../../../../../Users/ppfei/Documents/Unreal Projects/RTS2021/Content/StarterContent/Textures/T_Detail_Rocky_N.uasset" 184
"../../../../../Users/ppfei/Documents/Unreal Projects/RTS2021/Content/StarterContent/Textures/T_RockMesh_N.uasset" 185
"../../../../../Users/ppfei/Documents/Unreal Projects/RTS2021/Content/StarterContent/Textures/T_RockMesh_M.uasset" 186
"../../../../../Users/ppfei/Documents/Unreal Projects/RTS2021/Content/StarterContent/Textures/T_Rock_Basalt_D.uasset" 187
"../../../../../Users/ppfei/Documents/Unreal Projects/RTS2021/Content/StarterContent/Props/Materials/M_Rock.uasset" 188
"../../../../../Users/ppfei/Documents/Unreal Projects/RTS2021/Content/StarterContent/Props/SM_Rock.uasset" 189
"../../../../../Users/ppfei/Documents/Unreal Projects/RTS2021/Content/StarterContent/Textures/T_Shelf_N.uasset" 190
"../../../../../Users/ppfei/Documents/Unreal Projects/RTS2021/Content/StarterContent/Textures/T_Shelf_M.uasset" 191
"../../../../../Users/ppfei/Documents/Unreal Projects/RTS2021/Content/StarterContent/Props/Materials/M_Shelf.uasset" 192
"../../../../../Users/ppfei/Documents/Unreal Projects/RTS2021/Content/StarterContent/Props/SM_Shelf.uasset" 193
"../../../../../Users/ppfei/Documents/Unreal Projects/RTS2021/Content/StarterContent/Materials/M_Basic_Floor.uasset" 194
"../../../../../Users/ppfei/Documents/Unreal Projects/RTS2021/Content/StarterContent/Props/SM_Stairs.uasset" 195
"../../../../../Users/ppfei/Documents/Unreal Projects/RTS2021/Content/StarterContent/Shapes/Shape_Cone.uasset" 196
"../../../../../Users/ppfei/Documents/Unreal Projects/RTS2021/Content/StarterContent/Shapes/Shape_Cylinder.uasset" 197
"../../../../../Users/ppfei/Documents/Unreal Projects/RTS2021/Content/StarterContent/Shapes/Shape_NarrowCapsule.uasset" 198
"../../../../../Users/ppfei/Documents/Unreal Projects/RTS2021/Content/StarterContent/Shapes/Shape_Pipe.uasset" 199
"../../../../../Users/ppfei/Documents/Unreal Projects/RTS2021/Content/StarterContent/Shapes/Shape_Pipe_180.uasset" 200
"../../../../../Users/ppfei/Documents/Unreal Projects/RTS2021/Content/StarterContent/Shapes/Shape_Pipe_90.uasset" 201
"../../../../../Users/ppfei/Documents/Unreal Projects/RTS2021/Content/StarterContent/Shapes/Shape_Plane.uasset" 202
"../../../../../Users/ppfei/Documents/Unreal Projects/RTS2021/Content/StarterContent/Shapes/Shape_Torus.uasset" 203
"../../../../../Users/ppfei/Documents/Unreal Projects/RTS2021/Content/StarterContent/Shapes/Shape_Trim.uasset" 204
"../../../../../Users/ppfei/Documents/Unreal Projects/RTS2021/Content/StarterContent/Shapes/Shape_Trim_90_In.uasset" 205
"../../../../../Users/ppfei/Documents/Unreal Projects/RTS2021/Content/StarterContent/Shapes/Shape_Trim_90_Out.uasset" 206
"../../../../../Users/ppfei/Documents/Unreal Projects/RTS2021/Content/StarterContent/Shapes/Shape_TriPyramid.uasset" 207
"../../../../../Users/ppfei/Documents/Unreal Projects/RTS2021/Content/StarterContent/Shapes/Shape_Tube.uasset" 208
"../../../../../Users/ppfei/Documents/Unreal Projects/RTS2021/Content/StarterContent/Shapes/Shape_Wedge_A.uasset" 209
"../../../../../Users/ppfei/Documents/Unreal Projects/RTS2021/Content/StarterContent/Shapes/Shape_Wedge_B.uasset" 210
"../../../../../Users/ppfei/Documents/Unreal Projects/RTS2021/Content/StarterContent/Shapes/Shape_WideCapsule.uasset" 211
"../../../Engine/Content/ArtTools/RenderToTexture/Meshes/S_1_Unit_Plane.uasset" 212
"../../../Engine/Content/EngineMaterials/DefaultMaterial.uasset" 213
"../../../Engine/Content/BasicShapes/Cone.uasset" 214
"../../../Engine/Content/BasicShapes/Cube.uasset" 215
"../../../Engine/Content/BasicShapes/Sphere.uasset" 216
"../../../Engine/Content/EditorLandscapeResources/DataLayer.uasset" 217
"../../../Engine/Content/EditorLandscapeResources/DefaultAlphaTexture.uasset" 218
"../../../Engine/Content/EditorMaterials/MAT_Groups_Toggle.uasset" 219
"../../../Engine/Content/EditorMaterials/MAT_Groups_Visibility.uasset" 220
"../../../Engine/Content/EditorMaterials/PreviewShadowIndicator.uasset" 221
"../../../Engine/Content/EditorMaterials/PreviewShadowIndicatorMaterial.uasset" 222
"../../../Engine/Content/EditorMaterials/MatineeGroups/MAT_ColorTrack.uasset" 223
"../../../Engine/Content/EditorMaterials/MatineeGroups/MAT_Groups_Anim.uasset" 224
"../../../Engine/Content/EditorMaterials/MatineeGroups/MAT_Groups_AudioMaster.uasset" 225
"../../../Engine/Content/EditorMaterials/MatineeGroups/MAT_Groups_Director.uasset" 226
"../../../Engine/Content/EditorMaterials/MatineeGroups/MAT_Groups_Event.uasset" 227
"../../../Engine/Content/EditorMaterials/MatineeGroups/MAT_Groups_Fade.uasset" 228
"../../../Engine/Content/EditorMaterials/MatineeGroups/MAT_Groups_Float.uasset" 229
"../../../Engine/Content/EditorMaterials/MatineeGroups/MAT_Groups_Move.uasset" 230
"../../../Engine/Content/EditorMaterials/MatineeGroups/MAT_Groups_Slomo.uasset" 231
"../../../Engine/Content/EditorMaterials/MatineeGroups/MAT_Groups_Sound.uasset" 232
"../../../Engine/Content/EditorMaterials/MatineeGroups/MAT_Groups_Vector.uasset" 233
"../../../Engine/Content/EditorMaterials/ParticleSystems/PSysThumbnail_NoImage.uasset" 234
"../../../Engine/Content/EditorMaterials/ParticleSystems/PSysThumbnail_OOD.uasset" 235
"../../../Engine/Content/EditorMaterials/Camera/CineMat.uasset" 236
"../../../Engine/Content/EditorMaterials/Camera/MI_CineMat_Rig.uasset" 237
"../../../Engine/Content/EditorMeshes/Camera/SM_CraneRig_Arm.uasset" 238
"../../../Engine/Content/EditorMeshes/Camera/SM_CraneRig_Base.uasset" 239
"../../../Engine/Content/EditorMeshes/Camera/SM_CraneRig_Body.uasset" 240
"../../../Engine/Content/EditorMeshes/Camera/SM_CraneRig_Mount.uasset" 241
"../../../Engine/Content/EditorMeshes/Camera/SM_RailRig_Mount.uasset" 242
"../../../Engine/Content/EditorMeshes/Camera/SM_RailRig_Track.uasset" 243
"../../../Engine/Content/EditorResources/BSPVertex.uasset" 244
"../../../Engine/Content/EditorResources/EmptyActor.uasset" 245
"../../../Engine/Content/EditorResources/S_Actor.uasset" 246
"../../../Engine/Content/EditorResources/S_Note.uasset" 247
"../../../Engine/Content/EditorResources/S_Solver.uasset" 248
"../../../Engine/Content/EditorResources/S_Terrain.uasset" 249
"../../../Engine/Content/EditorResources/S_Trigger.uasset" 250
"../../../Engine/Content/EditorResources/AudioIcons/S_AudioComponent.uasset" 251
"../../../Engine/Content/EditorResources/AudioIcons/S_AudioComponent_AutoActivate.uasset" 252
"../../../Engine/Content/EditorResources/LightIcons/S_LightError.uasset" 253
"../../../Engine/Content/EditorResources/SequenceRecorder/Countdown.uasset" 254
"../../../Engine/Content/EditorResources/SequenceRecorder/RecordingIndicator.uasset" 255
"../../../Engine/Content/EngineDamageTypes/DmgTypeBP_Environmental.uasset" 256
"../../../Engine/Content/EngineDebugMaterials/DebugEditorMaterial.uasset" 257
"../../../Engine/Content/EngineDebugMaterials/DebugMeshMaterial.uasset" 258
"../../../Engine/Content/EngineDebugMaterials/M_SimpleUnlitTranslucent.uasset" 259
"../../../Engine/Content/EngineDebugMaterials/VolumeToRender.uasset" 260
"../../../Engine/Content/Functions/Engine_MaterialFunctions02/Utility/CameraDirectionVector.uasset" 261
"../../../Engine/Content/EngineDebugMaterials/M_VolumeRenderSphereTracePP.uasset" 262
"../../../Engine/Content/Functions/Engine_MaterialFunctions01/Shading/ConvertFromDiffSpec.uasset" 263
"../../../Engine/Content/EngineDebugMaterials/VertexColorMaterial.uasset" 264
"../../../Engine/Content/EngineDebugMaterials/WireframeMaterial.uasset" 265
"../../../Engine/Content/EngineFonts/Faces/RobotoRegular.uasset" 266
"../../../Engine/Content/EngineFonts/Faces/RobotoLight.uasset" 267
"../../../Engine/Content/EngineFonts/Faces/RobotoItalic.uasset" 268
"../../../Engine/Content/EngineFonts/Faces/RobotoBoldItalic.uasset" 269
"../../../Engine/Content/EngineFonts/Faces/RobotoBold.uasset" 270
"../../../Engine/Content/EngineFonts/Faces/DroidSansFallback.uasset" 271
"../../../Engine/Content/EngineFonts/Roboto.uasset" 272
"../../../Engine/Content/EngineMaterials/BaseFlattenNormalMap.uasset" 273
"../../../Engine/Content/EngineMaterials/BaseFlattenGrayscaleMap.uasset" 274
"../../../Engine/Content/EngineMaterials/BaseFlattenEmissiveMap.uasset" 275
"../../../Engine/Content/EngineMaterials/BaseFlattenDiffuseMap.uasset" 276
"../../../Engine/Content/EngineMaterials/BaseFlattenMaterial.uasset" 277
"../../../Engine/Content/EngineMaterials/BlueNoise.uasset" 278
"../../../Engine/Content/EngineMaterials/DefaultBloomKernel.uasset" 279
"../../../Engine/Content/EngineMaterials/DefaultBokeh.uasset" 280
"../../../Engine/Content/EngineMaterials/DefaultDiffuse.uasset" 281
"../../../Engine/Content/EngineMaterials/DefaultDeferredDecalMaterial.uasset" 282
"../../../Engine/Content/EngineMaterials/DefaultLightFunctionMaterial.uasset" 283
"../../../Engine/Content/EngineMaterials/DefaultPhysicalMaterial.uasset" 284
"../../../Engine/Content/Functions/Engine_MaterialFunctions02/Utility/BreakOutFloat2Components.uasset" 285
"../../../Engine/Content/EngineMaterials/DefaultPostProcessMaterial.uasset" 286
"../../../Engine/Content/EngineFonts/RobotoDistanceField.uasset" 287
"../../../Engine/Content/EngineMaterials/DefaultTextMaterialOpaque.uasset" 288
"../../../Engine/Content/EngineMaterials/DefaultWhiteGrid.uasset" 289
"../../../Engine/Content/EngineMaterials/DefaultWhiteGrid_Low.uasset" 290
"../../../Engine/Content/EngineMaterials/EmissiveMeshMaterial.uasset" 291
"../../../Engine/Content/EngineMaterials/GizmoMaterial.uasset" 292
"../../../Engine/Content/EngineMaterials/Good64x64TilingNoiseHighFreq.uasset" 293
"../../../Engine/Content/EngineMaterials/MiniFont.uasset" 294
"../../../Engine/Content/EngineMaterials/InvalidLightmapSettings.uasset" 295
"../../../Engine/Content/EngineMaterials/M_InvalidLightmapSettings.uasset" 296
"../../../Engine/Content/Functions/Engine_MaterialFunctions02/WorldPositionOffset/CameraOffset.uasset" 297
"../../../Engine/Content/EngineMaterials/PhAT_JointLimitMaterial.uasset" 298
"../../../Engine/Content/EngineMaterials/PreintegratedSkinBRDF.uasset" 299
"../../../Engine/Content/EngineMaterials/RemoveSurfaceMaterial.uasset" 300
"../../../Engine/Content/EngineMaterials/WeightMapPlaceholderTexture.uasset" 301
"../../../Engine/Content/EngineResources/WhiteSquareTexture.uasset" 302
"../../../Engine/Content/EngineMaterials/Widget3DPassThrough.uasset" 303
"../../../Engine/Content/EngineMaterials/Widget3DPassThrough_Masked.uasset" 304
"../../../Engine/Content/EngineMaterials/Widget3DPassThrough_Opaque.uasset" 305
"../../../Engine/Content/EngineMaterials/Widget3DPassThrough_Masked_OneSided.uasset" 306
"../../../Engine/Content/EngineMaterials/Widget3DPassThrough_Opaque_OneSided.uasset" 307
"../../../Engine/Content/EngineMaterials/Widget3DPassThrough_Translucent.uasset" 308
"../../../Engine/Content/EngineMaterials/Widget3DPassThrough_Translucent_OneSided.uasset" 309
"../../../Engine/Content/EngineMeshes/Cube.uasset" 310
"../../../Engine/Content/EngineMeshes/Cylinder.uasset" 311
"../../../Engine/Content/EngineMeshes/Sphere.uasset" 312
"../../../Engine/Content/EngineResources/Black.uasset" 313
"../../../Engine/Content/EngineResources/DefaultTextureCube.uasset" 314
"../../../Engine/Content/EngineResources/DefaultVolumeTexture2D.uasset" 315
"../../../Engine/Content/EngineResources/DefaultVolumeTexture.uasset" 316
"../../../Engine/Content/EngineResources/GradientTexture0.uasset" 317
"../../../Engine/Content/EngineSky/VolumetricClouds/T_NoiseShape64.uasset" 318
"../../../Engine/Content/EngineSky/VolumetricClouds/T_VolumeNoiseShape64.uasset" 319
"../../../Engine/Content/EngineSky/VolumetricClouds/T_NoiseErosion.uasset" 320
"../../../Engine/Content/EngineSky/VolumetricClouds/T_VolumeNoiseErosion32.uasset" 321
"../../../Engine/Content/EngineSky/VolumetricClouds/CloudWeatherTexture.uasset" 322
"../../../Engine/Content/EngineSky/VolumetricClouds/CloudGradientTexture.uasset" 323
"../../../Engine/Content/Functions/Engine_MaterialFunctions02/Utility/MakeFloat2.uasset" 324
"../../../Engine/Content/EngineSky/VolumetricClouds/m_SimpleVolumetricCloud.uasset" 325
"../../../Engine/Content/EngineSky/VolumetricClouds/m_SimpleVolumetricCloud_Inst.uasset" 326
"../../../Engine/Content/EngineSounds/Master.uasset" 327
"../../../Engine/Content/Functions/Engine_MaterialFunctions01/Shading/PowerToRoughness.uasset" 328
"../../../Engine/Content/Maps/Templates/Thumbnails/Default.uasset" 329
"../../../Engine/Content/Maps/Templates/Thumbnails/TimeOfDay.uasset" 330
"../../../Engine/Content/Maps/Templates/Thumbnails/VR-Basic.uasset" 331
"../../../Engine/Content/MobileResources/T_MobileControls_texture.uasset" 332
"../../../Engine/Content/MobileResources/T_MobileMenu2.uasset" 333
"../../../Engine/Content/MobileResources/HUD/AnalogHat.uasset" 334
"../../../Engine/Content/MobileResources/HUD/VirtualJoystick_Thumb.uasset" 335
"../../../Engine/Content/MobileResources/HUD/VirtualJoystick_Background.uasset" 336
"../../../Engine/Content/MobileResources/HUD/DefaultVirtualJoysticks.uasset" 337
"../../../Engine/Content/MobileResources/HUD/LeftVirtualJoystickOnly.uasset" 338
"../../../Engine/Content/MobileResources/HUD/MobileHUDButton1_off.uasset" 339
"../../../Engine/Content/MobileResources/HUD/MobileHUDButton1_on.uasset" 340
"../../../Engine/Content/MobileResources/HUD/MobileHUDButton2_off.uasset" 341
"../../../Engine/Content/MobileResources/HUD/MobileHUDButton2_on.uasset" 342
"../../../Engine/Content/MobileResources/HUD/MobileHUDButton3.uasset" 343
"../../../Engine/Content/MobileResources/HUD/MobileHUDButtonFire.uasset" 344
"../../../Engine/Content/MobileResources/HUD/MobileHUDDirectionPad.uasset" 345
"../../../Engine/Content/MobileResources/HUD/MobileHUDDirectionPad2.uasset" 346
"../../../Engine/Content/MobileResources/HUD/MobileHUDDirectionPad3.uasset" 347
"../../../Engine/Content/MobileResources/HUD/MobileHUDDirectionStick.uasset" 348
"../../../Engine/Content/MobileResources/HUD/T_Castle_ThumbstickInner.uasset" 349
"../../../Engine/Content/MobileResources/HUD/T_Castle_ThumbstickOutter.uasset" 350
"../../../Engine/Content/Tutorial/ContentIntroCurve.uasset" 351
"../../../Engine/Content/Tutorial/Basics/LevelEditorAttract.uasset" 352
"../../../Engine/Content/Tutorial/Basics/TutorialAssets/icon_tab_Levels_40x.uasset" 353
"../../../Engine/Content/Tutorial/Basics/LevelEditorOverview.uasset" 354
"../../../Engine/Content/Tutorial/BlueprintTutorials/TutorialAssets/Blueprint_64x.uasset" 355
"../../../Engine/Content/Tutorial/BlueprintTutorials/BlueprintEditorTutorial.uasset" 356
"../../../Engine/Content/Tutorial/SubEditors/GettingSubstance.uasset" 357
"../../../Engine/Content/Tutorial/SubEditors/StaticMeshEditorTutorial.uasset" 358
"../../../Engine/Content/VREditor/TransformGizmo/TranslucentTransformGizmoMaterial.uasset" 359
"../../../Engine/Content/VREditor/LaserPointer/VR_LaserPower_01.uasset" 360
"../../../Engine/Content/VREditor/TransformGizmo/TransformGizmoMaterial.uasset" 361
"../../../Engine/Content/VREditor/TransformGizmo/BoundingBoxCorner.uasset" 362
"../../../Engine/Content/VREditor/TransformGizmo/BoundingBoxEdge.uasset" 363
"../../../Engine/Content/VREditor/TransformGizmo/PlaneTranslationHandle.uasset" 364
"../../../Engine/Content/VREditor/TransformGizmo/Xray.uasset" 365
"../../../Engine/Content/VREditor/TransformGizmo/Main.uasset" 366
"../../../Engine/Content/VREditor/TransformGizmo/SM_Sequencer_Key.uasset" 367
"../../../Engine/Content/VREditor/TransformGizmo/SM_Sequencer_Node.uasset" 368
"../../Plugins/2D/Paper2D/Content/PlaceholderTextures/DummySpriteTexture.uasset" 369
"../../Plugins/2D/Paper2D/Content/DummySprite.uasset" 370
"../../Plugins/2D/Paper2D/Content/DefaultPaperTerrainMaterial.uasset" 371
"../../Plugins/2D/Paper2D/Content/DefaultSpriteMaterial.uasset" 372
"../../Plugins/2D/Paper2D/Content/MaskedUnlitSpriteMaterial.uasset" 373
"../../Plugins/2D/Paper2D/Content/OpaqueUnlitSpriteMaterial.uasset" 374
"../../../Engine/Content/Functions/Engine_MaterialFunctions02/Utility/BreakOutFloat3Components.uasset" 375
"../../Plugins/Editor/SpeedTreeImporter/Content/SpeedTree9/UnpackInteger3.uasset" 376
"../../Plugins/Editor/SpeedTreeImporter/Content/SpeedTree9/UnpackDirection.uasset" 377
"../../Plugins/Editor/SpeedTreeImporter/Content/SpeedTree9/game_wind_noise.uasset" 378
"../../../Engine/Content/Functions/Engine_MaterialFunctions02/SafeNormalize.uasset" 379
"../../Plugins/Editor/SpeedTreeImporter/Content/SpeedTree9/SpeedTreeWindMotion.uasset" 380
"../../Plugins/Editor/SpeedTreeImporter/Content/SpeedTree9/SpeedTreeBranchMotion.uasset" 381
"../../../Engine/Content/Functions/Engine_MaterialFunctions02/ObjectLocalBounds.uasset" 382
"../../../Engine/Content/Functions/Engine_MaterialFunctions02/UVs/BoundingBoxBased_0-1_UVW.uasset" 383
"../../Plugins/Editor/SpeedTreeImporter/Content/SpeedTree9/SpeedTreeWind.uasset" 384
"../../Plugins/Editor/SpeedTreeImporter/Content/SpeedTree9/SpeedTreeBillboard.uasset" 385
"../../../Engine/Content/EngineResources/DefaultTexture.uasset" 386
"../../Plugins/Editor/SpeedTreeImporter/Content/SpeedTree9/SpeedTreeBillboardMaster.uasset" 387
"../../Plugins/Editor/SpeedTreeImporter/Content/SpeedTree9/SpeedTreeCameraFacing.uasset" 388
"../../Plugins/Editor/SpeedTreeImporter/Content/SpeedTree9/SpeedTreeMaster.uasset" 389
"../../../Engine/Content/ArtTools/RenderToTexture/Materials/Debug/M_Emissive_Color.uasset" 390
"../../../Engine/Content/BasicShapes/Cylinder.uasset" 391
"../../Plugins/Lumin/MagicLeapPassableWorld/Content/MagicLeapARPinInfoActor.uasset" 392
"../../../Engine/Content/Functions/Engine_MaterialFunctions02/Utility/BreakOutFloat4Components.uasset" 393
"../../../Engine/Content/Functions/Engine_MaterialFunctions02/Utility/MakeFloat3.uasset" 394
"../../Plugins/Runtime/Oculus/OculusVR/Content/Materials/OculusMR_ChromaKey.uasset" 395
"../../Plugins/Runtime/Oculus/OculusVR/Content/Materials/OculusMR_OpaqueColoredMaterial.uasset" 396
"../../Plugins/Runtime/Oculus/OculusVR/Content/Materials/PokeAHoleMaterial.uasset" 397
"../../../Engine/Content/EngineSky/T_Sky_Stars.uasset" 398
"../../../Engine/Content/EngineSky/T_Sky_Clouds_M.uasset" 399
"../../../Engine/Content/EngineSky/T_Sky_Blue.uasset" 400
"../../../Engine/Content/BasicShapes/Plane.uasset" 401
"../../../../../Users/ppfei/Documents/Unreal Projects/RTS2021/Content/Sprites/border.uasset" 402
"../../../../../Users/ppfei/Documents/Unreal Projects/RTS2021/Content/Sprites/border_Mat.uasset" 403
"../../../../../Users/ppfei/Documents/Unreal Projects/RTS2021/Content/Materials/M_Gray.uasset" 404
"../../../Engine/Content/EngineSky/M_Sky_Panning_Clouds2.uasset" 405
"../../../../../Users/ppfei/Documents/Unreal Projects/RTS2021/Content/Maps/Map01_BuiltData.uasset" 406
"../../../Engine/Content/EngineSky/SM_SkySphere.uasset" 407
"../../../Engine/Content/EngineSky/C_Sky_Zenith_Color.uasset" 408
"../../../Engine/Content/EngineSky/C_Sky_Horizon_Color.uasset" 409
"../../../Engine/Content/EngineSky/C_Sky_Cloud_Color.uasset" 410
"../../../Engine/Content/EngineSky/BP_Sky_Sphere.uasset" 411
"../../../../../Users/ppfei/Documents/Unreal Projects/RTS2021/Content/Maps/Map01.umap" 412
"../../../../../Users/ppfei/Documents/Unreal Projects/RTS2021/Content/StarterContent/Blueprints/Assets/M_LightStage_Arrows.uasset" 413
"../../../Engine/Content/MapTemplates/Sky/DaylightAmbientCubemap.uasset" 414
"../../../../../Users/ppfei/Documents/Unreal Projects/RTS2021/Content/StarterContent/Blueprints/Assets/M_LightStage_Skybox_Master.uasset" 415
"../../../../../Users/ppfei/Documents/Unreal Projects/RTS2021/Content/StarterContent/Blueprints/Assets/M_LightStage_Skybox_Black.uasset" 416
"../../../../../Users/ppfei/Documents/Unreal Projects/RTS2021/Content/StarterContent/Blueprints/Assets/SunlightColorLUT.uasset" 417
"../../../../../Users/ppfei/Documents/Unreal Projects/RTS2021/Content/StarterContent/Blueprints/Assets/FogBrightnessLUT.uasset" 418
"../../../../../Users/ppfei/Documents/Unreal Projects/RTS2021/Content/StarterContent/HDRI/HDRI_Epic_Courtyard_Daylight.uasset" 419
"../../../../../Users/ppfei/Documents/Unreal Projects/RTS2021/Content/StarterContent/Blueprints/Assets/SM_Arrows.uasset" 420
"../../../Engine/Content/EditorMaterials/Thumbnails/SkySphereMaterial.uasset" 421
"../../../../../Users/ppfei/Documents/Unreal Projects/RTS2021/Content/StarterContent/Blueprints/Assets/Skybox.uasset" 422
"../../../../../Users/ppfei/Documents/Unreal Projects/RTS2021/Content/StarterContent/Blueprints/Assets/M_LightStage_Skybox_HDRI.uasset" 423
"../../../../../Users/ppfei/Documents/Unreal Projects/RTS2021/Content/StarterContent/Blueprints/BP_LightStudio.uasset" 424
"../../../../../Users/ppfei/Documents/Unreal Projects/RTS2021/Content/StarterContent/Materials/M_AssetPlatform.uasset" 425
"../../../../../Users/ppfei/Documents/Unreal Projects/RTS2021/Content/StarterContent/Architecture/SM_AssetPlatform.uasset" 426
"../../../Engine/Content/EditorMeshes/ColorCalibrator/M_GreyBall.uasset" 427
"../../../Engine/Content/EditorMeshes/ColorCalibrator/Color_checker.uasset" 428
"../../../Engine/Content/EditorMeshes/ColorCalibrator/M_ColorGrid.uasset" 429
"../../../Engine/Content/EditorMeshes/ColorCalibrator/M_ClearCoatBlack.uasset" 430
"../../../Engine/Content/EditorMeshes/ColorCalibrator/M_ClearCoat.uasset" 431
"../../../Engine/Content/EditorMeshes/ColorCalibrator/M_ChromeBall.uasset" 432
"../../../Engine/Content/EditorMeshes/ColorCalibrator/SM_ColorCalibrator.uasset" 433
"../../../../../Users/ppfei/Documents/Unreal Projects/RTS2021/Content/StarterContent/Maps/Advanced_Lighting_BuiltData.uasset" 434
"../../../../../Users/ppfei/Documents/Unreal Projects/RTS2021/Content/StarterContent/Maps/Advanced_Lighting.umap" 435
"../../../../../Users/ppfei/Documents/Unreal Projects/RTS2021/Content/StarterContent/Audio/Starter_Background_Cue.uasset" 436
"../../../../../Users/ppfei/Documents/Unreal Projects/RTS2021/Content/StarterContent/Architecture/Floor_400x400.uasset" 437
"../../../../../Users/ppfei/Documents/Unreal Projects/RTS2021/Content/StarterContent/Textures/T_TableRound_N.uasset" 438
"../../../../../Users/ppfei/Documents/Unreal Projects/RTS2021/Content/StarterContent/Textures/T_TableRound_M.uasset" 439
"../../../../../Users/ppfei/Documents/Unreal Projects/RTS2021/Content/StarterContent/Props/Materials/M_TableRound.uasset" 440
"../../../../../Users/ppfei/Documents/Unreal Projects/RTS2021/Content/StarterContent/Props/SM_TableRound.uasset" 441
"../../../../../Users/ppfei/Documents/Unreal Projects/RTS2021/Content/StarterContent/Textures/T_Statue_N.uasset" 442
"../../../../../Users/ppfei/Documents/Unreal Projects/RTS2021/Content/StarterContent/Textures/T_Statue_M.uasset" 443
"../../../../../Users/ppfei/Documents/Unreal Projects/RTS2021/Content/StarterContent/Props/Materials/M_StatueGlass.uasset" 444
"../../../../../Users/ppfei/Documents/Unreal Projects/RTS2021/Content/StarterContent/Props/Materials/M_Statue.uasset" 445
"../../../../../Users/ppfei/Documents/Unreal Projects/RTS2021/Content/StarterContent/Props/SM_Statue.uasset" 446
"../../../../../Users/ppfei/Documents/Unreal Projects/RTS2021/Content/StarterContent/Props/SM_Chair.uasset" 447
"../../../../../Users/ppfei/Documents/Unreal Projects/RTS2021/Content/StarterContent/Textures/T_MacroVariation.uasset" 448
"../../../../../Users/ppfei/Documents/Unreal Projects/RTS2021/Content/StarterContent/Textures/T_Metal_Copper_D.uasset" 449
"../../../../../Users/ppfei/Documents/Unreal Projects/RTS2021/Content/StarterContent/Textures/T_Metal_Gold_N.uasset" 450
"../../../../../Users/ppfei/Documents/Unreal Projects/RTS2021/Content/StarterContent/Materials/M_Metal_Copper.uasset" 451
"../../../../../Users/ppfei/Documents/Unreal Projects/RTS2021/Content/StarterContent/Textures/T_Metal_Aluminum_D.uasset" 452
"../../../../../Users/ppfei/Documents/Unreal Projects/RTS2021/Content/StarterContent/Materials/M_Metal_Burnished_Steel.uasset" 453
"../../../../../Users/ppfei/Documents/Unreal Projects/RTS2021/Content/StarterContent/Materials/M_Metal_Brushed_Nickel.uasset" 454
"../../../../../Users/ppfei/Documents/Unreal Projects/RTS2021/Content/StarterContent/Maps/Minimal_Default_BuiltData.uasset" 455
"../../../../../Users/ppfei/Documents/Unreal Projects/RTS2021/Content/StarterContent/Maps/Minimal_Default.umap" 456
"../../../../../Users/ppfei/Documents/Unreal Projects/RTS2021/Content/StarterContent/Textures/T_Lamp_N.uasset" 457
"../../../../../Users/ppfei/Documents/Unreal Projects/RTS2021/Content/StarterContent/Textures/T_Lamp_M.uasset" 458
"../../../../../Users/ppfei/Documents/Unreal Projects/RTS2021/Content/StarterContent/Props/Materials/M_Lamp.uasset" 459
"../../../../../Users/ppfei/Documents/Unreal Projects/RTS2021/Content/StarterContent/Props/SM_Lamp_Wall.uasset" 460
"../../../../../Users/ppfei/Documents/Unreal Projects/RTS2021/Content/StarterContent/Blueprints/Blueprint_WallSconce.uasset" 461
"../../../../../Users/ppfei/Documents/Unreal Projects/RTS2021/Content/StarterContent/Particles/P_Steam_Lit.uasset" 462
"../../../../../Users/ppfei/Documents/Unreal Projects/RTS2021/Content/StarterContent/Audio/Steam01_Cue.uasset" 463
"../../../../../Users/ppfei/Documents/Unreal Projects/RTS2021/Content/StarterContent/Blueprints/Blueprint_Effect_Steam.uasset" 464
"../../../../../Users/ppfei/Documents/Unreal Projects/RTS2021/Content/StarterContent/Textures/T_Spark_Core.uasset" 465
"../../../../../Users/ppfei/Documents/Unreal Projects/RTS2021/Content/StarterContent/Particles/Materials/M_Spark.uasset" 466
"../../../../../Users/ppfei/Documents/Unreal Projects/RTS2021/Content/StarterContent/Particles/P_Sparks.uasset" 467
"../../../../../Users/ppfei/Documents/Unreal Projects/RTS2021/Content/StarterContent/Audio/Fire_Sparks01_Cue.uasset" 468
"../../../../../Users/ppfei/Documents/Unreal Projects/RTS2021/Content/StarterContent/Blueprints/Blueprint_Effect_Sparks.uasset" 469
"../../../../../Users/ppfei/Documents/Unreal Projects/RTS2021/Content/StarterContent/Particles/P_Smoke.uasset" 470
"../../../../../Users/ppfei/Documents/Unreal Projects/RTS2021/Content/StarterContent/Audio/Smoke01_Cue.uasset" 471
"../../../../../Users/ppfei/Documents/Unreal Projects/RTS2021/Content/StarterContent/Blueprints/Blueprint_Effect_Smoke.uasset" 472
"../../../../../Users/ppfei/Documents/Unreal Projects/RTS2021/Content/StarterContent/Textures/T_Water_N.uasset" 473
"../../../../../Users/ppfei/Documents/Unreal Projects/RTS2021/Content/StarterContent/Particles/Materials/M_Heat_Distortion.uasset" 474
"../../../../../Users/ppfei/Documents/Unreal Projects/RTS2021/Content/StarterContent/Particles/P_Fire.uasset" 475
"../../../../../Users/ppfei/Documents/Unreal Projects/RTS2021/Content/StarterContent/Audio/Fire01_Cue.uasset" 476
"../../../../../Users/ppfei/Documents/Unreal Projects/RTS2021/Content/StarterContent/Blueprints/Blueprint_Effect_Fire.uasset" 477
"../../../../../Users/ppfei/Documents/Unreal Projects/RTS2021/Content/StarterContent/Props/SM_Lamp_Ceiling.uasset" 478
"../../../../../Users/ppfei/Documents/Unreal Projects/RTS2021/Content/StarterContent/Blueprints/Blueprint_CeilingLight.uasset" 479
"../../../../../Users/ppfei/Documents/Unreal Projects/RTS2021/Content/StarterContent/Audio/Starter_Music_Cue.uasset" 480
"../../../../../Users/ppfei/Documents/Unreal Projects/RTS2021/Content/StarterContent/Audio/Collapse_Cue.uasset" 481
"../../../../../Users/ppfei/Documents/Unreal Projects/RTS2021/Content/StarterContent/Architecture/Wall_Window_400x300.uasset" 482
"../../../../../Users/ppfei/Documents/Unreal Projects/RTS2021/Content/StarterContent/Architecture/Wall_Door_400x300.uasset" 483
"../../../../../Users/ppfei/Documents/Unreal Projects/RTS2021/Content/StarterContent/Architecture/Wall_400x200.uasset" 484
"../../../../../Users/ppfei/Documents/Unreal Projects/RTS2021/Content/StarterContent/Shapes/Shape_Sphere.uasset" 485
"../../../../../Users/ppfei/Documents/Unreal Projects/RTS2021/Content/StarterContent/Shapes/Shape_QuadPyramid.uasset" 486
"../../../../../Users/ppfei/Documents/Unreal Projects/RTS2021/Content/StarterContent/Shapes/Shape_Cube.uasset" 487
"../../../../../Users/ppfei/Documents/Unreal Projects/RTS2021/Content/StarterContent/Textures/T_Frame_N.uasset" 488
"../../../../../Users/ppfei/Documents/Unreal Projects/RTS2021/Content/StarterContent/Textures/T_Frame_M.uasset" 489
"../../../../../Users/ppfei/Documents/Unreal Projects/RTS2021/Content/StarterContent/Props/Materials/M_Frame.uasset" 490
"../../../../../Users/ppfei/Documents/Unreal Projects/RTS2021/Content/StarterContent/Props/SM_WindowFrame.uasset" 491
"../../../../../Users/ppfei/Documents/Unreal Projects/RTS2021/Content/StarterContent/Props/SM_PillarFrame300.uasset" 492
"../../../../../Users/ppfei/Documents/Unreal Projects/RTS2021/Content/StarterContent/Props/SM_PillarFrame.uasset" 493
"../../../../../Users/ppfei/Documents/Unreal Projects/RTS2021/Content/StarterContent/Props/SM_GlassWindow.uasset" 494
"../../../../../Users/ppfei/Documents/Unreal Projects/RTS2021/Content/StarterContent/Props/SM_DoorFrame.uasset" 495
"../../../../../Users/ppfei/Documents/Unreal Projects/RTS2021/Content/StarterContent/Props/SM_CornerFrame.uasset" 496
"../../../../../Users/ppfei/Documents/Unreal Projects/RTS2021/Content/StarterContent/Props/MaterialSphere.uasset" 497
"../../../../../Users/ppfei/Documents/Unreal Projects/RTS2021/Content/StarterContent/Textures/T_Dust_Particle_D.uasset" 498
"../../../../../Users/ppfei/Documents/Unreal Projects/RTS2021/Content/StarterContent/Particles/Materials/M_Dust_Particle.uasset" 499
"../../../../../Users/ppfei/Documents/Unreal Projects/RTS2021/Content/StarterContent/Particles/P_Ambient_Dust.uasset" 500
"../../../../../Users/ppfei/Documents/Unreal Projects/RTS2021/Content/StarterContent/Textures/T_Wood_Walnut_N.uasset" 501
"../../../../../Users/ppfei/Documents/Unreal Projects/RTS2021/Content/StarterContent/Textures/T_Wood_Walnut_D.uasset" 502
"../../../../../Users/ppfei/Documents/Unreal Projects/RTS2021/Content/StarterContent/Materials/M_Wood_Walnut.uasset" 503
"../../../../../Users/ppfei/Documents/Unreal Projects/RTS2021/Content/StarterContent/Textures/T_Perlin_Noise_M.uasset" 504
"../../../../../Users/ppfei/Documents/Unreal Projects/RTS2021/Content/StarterContent/Textures/T_Wood_Pine_N.uasset" 505
"../../../../../Users/ppfei/Documents/Unreal Projects/RTS2021/Content/StarterContent/Textures/T_Wood_Pine_D.uasset" 506
"../../../../../Users/ppfei/Documents/Unreal Projects/RTS2021/Content/StarterContent/Materials/M_Wood_Pine.uasset" 507
"../../../../../Users/ppfei/Documents/Unreal Projects/RTS2021/Content/StarterContent/Textures/T_Wood_Oak_N.uasset" 508
"../../../../../Users/ppfei/Documents/Unreal Projects/RTS2021/Content/StarterContent/Textures/T_Wood_Oak_D.uasset" 509
"../../../../../Users/ppfei/Documents/Unreal Projects/RTS2021/Content/StarterContent/Materials/M_Wood_Oak.uasset" 510
"../../../Engine/Content/Functions/Engine_MaterialFunctions01/Opacity/AlphaOffset.uasset" 511
"../../../../../Users/ppfei/Documents/Unreal Projects/RTS2021/Content/StarterContent/Textures/T_Wood_Floor_Walnut_N.uasset" 512
"../../../../../Users/ppfei/Documents/Unreal Projects/RTS2021/Content/StarterContent/Textures/T_Wood_Floor_Walnut_M.uasset" 513
"../../../../../Users/ppfei/Documents/Unreal Projects/RTS2021/Content/StarterContent/Textures/T_Wood_Floor_Walnut_D.uasset" 514
"../../../../../Users/ppfei/Documents/Unreal Projects/RTS2021/Content/StarterContent/Materials/M_Wood_Floor_Walnut_Worn.uasset" 515
"../../../../../Users/ppfei/Documents/Unreal Projects/RTS2021/Content/StarterContent/Materials/M_Wood_Floor_Walnut_Polished.uasset" 516
"../../../../../Users/ppfei/Documents/Unreal Projects/RTS2021/Content/StarterContent/Textures/T_Water_M.uasset" 517
"../../../../../Users/ppfei/Documents/Unreal Projects/RTS2021/Content/StarterContent/Materials/M_Water_Ocean.uasset" 518
"../../../../../Users/ppfei/Documents/Unreal Projects/RTS2021/Content/StarterContent/Materials/M_Water_Lake.uasset" 519
"../../../../../Users/ppfei/Documents/Unreal Projects/RTS2021/Content/StarterContent/Textures/T_Tech_Panel_N.uasset" 520
"../../../../../Users/ppfei/Documents/Unreal Projects/RTS2021/Content/StarterContent/Textures/T_Tech_Panel_M.uasset" 521
"../../../../../Users/ppfei/Documents/Unreal Projects/RTS2021/Content/StarterContent/Textures/T_Metal_Steel_D.uasset" 522
"../../../../../Users/ppfei/Documents/Unreal Projects/RTS2021/Content/StarterContent/Materials/M_Tech_Panel.uasset" 523
"../../../../../Users/ppfei/Documents/Unreal Projects/RTS2021/Content/StarterContent/Textures/T_Tech_Hex_Tile_N.uasset" 524
"../../../../../Users/ppfei/Documents/Unreal Projects/RTS2021/Content/StarterContent/Textures/T_Tech_Hex_Tile_M.uasset" 525
"../../../../../Users/ppfei/Documents/Unreal Projects/RTS2021/Content/StarterContent/Materials/M_Tech_Hex_Tile_Pulse.uasset" 526
"../../../../../Users/ppfei/Documents/Unreal Projects/RTS2021/Content/StarterContent/Materials/M_Tech_Hex_Tile.uasset" 527
"../../../../../Users/ppfei/Documents/Unreal Projects/RTS2021/Content/StarterContent/Textures/T_Tech_Dot_N.uasset" 528
"../../../../../Users/ppfei/Documents/Unreal Projects/RTS2021/Content/StarterContent/Textures/T_Tech_Dot_M.uasset" 529
"../../../../../Users/ppfei/Documents/Unreal Projects/RTS2021/Content/StarterContent/Textures/T_Single_Tile_N.uasset" 530
"../../../../../Users/ppfei/Documents/Unreal Projects/RTS2021/Content/StarterContent/Textures/T_Checker_Noise_M.uasset" 531
"../../../../../Users/ppfei/Documents/Unreal Projects/RTS2021/Content/StarterContent/Materials/M_Tech_Checker_Dot.uasset" 532
"../../../../../Users/ppfei/Documents/Unreal Projects/RTS2021/Content/StarterContent/Textures/T_Rock_Slate_N.uasset" 533
"../../../../../Users/ppfei/Documents/Unreal Projects/RTS2021/Content/StarterContent/Textures/T_Rock_Slate_D.uasset" 534
"../../../../../Users/ppfei/Documents/Unreal Projects/RTS2021/Content/StarterContent/Materials/M_Rock_Slate.uasset" 535
"../../../../../Users/ppfei/Documents/Unreal Projects/RTS2021/Content/StarterContent/Textures/T_Rock_Sandstone_N.uasset" 536
"../../../../../Users/ppfei/Documents/Unreal Projects/RTS2021/Content/StarterContent/Textures/T_Rock_Sandstone_D.uasset" 537
"../../../../../Users/ppfei/Documents/Unreal Projects/RTS2021/Content/StarterContent/Materials/M_Rock_Sandstone.uasset" 538
"../../../../../Users/ppfei/Documents/Unreal Projects/RTS2021/Content/StarterContent/Textures/T_Rock_Marble_Polished_D.uasset" 539
"../../../../../Users/ppfei/Documents/Unreal Projects/RTS2021/Content/StarterContent/Materials/M_Rock_Marble_Polished.uasset" 540
"../../../../../Users/ppfei/Documents/Unreal Projects/RTS2021/Content/StarterContent/Textures/T_Rock_Basalt_N.uasset" 541
"../../../../../Users/ppfei/Documents/Unreal Projects/RTS2021/Content/StarterContent/Materials/M_Rock_Basalt.uasset" 542
"../../../../../Users/ppfei/Documents/Unreal Projects/RTS2021/Content/StarterContent/Textures/T_Metal_Steel_N.uasset" 543
"../../../../../Users/ppfei/Documents/Unreal Projects/RTS2021/Content/StarterContent/Materials/M_Metal_Steel.uasset" 544
"../../../../../Users/ppfei/Documents/Unreal Projects/RTS2021/Content/StarterContent/Textures/T_Metal_Rust_D.uasset" 545
"../../../../../Users/ppfei/Documents/Unreal Projects/RTS2021/Content/StarterContent/Textures/T_Metal_Rust_N.uasset" 546
"../../../../../Users/ppfei/Documents/Unreal Projects/RTS2021/Content/StarterContent/Materials/M_Metal_Rust.uasset" 547
"../../../../../Users/ppfei/Documents/Unreal Projects/RTS2021/Content/StarterContent/Textures/T_Metal_Gold_D.uasset" 548
"../../../../../Users/ppfei/Documents/Unreal Projects/RTS2021/Content/StarterContent/Materials/M_Metal_Gold.uasset" 549
"../../../../../Users/ppfei/Documents/Unreal Projects/RTS2021/Content/StarterContent/Materials/M_Metal_Chrome.uasset" 550
"../../../../../Users/ppfei/Documents/Unreal Projects/RTS2021/Content/StarterContent/Textures/T_Ground_Moss_N.uasset" 551
"../../../../../Users/ppfei/Documents/Unreal Projects/RTS2021/Content/StarterContent/Textures/T_ground_Moss_D.uasset" 552
"../../../../../Users/ppfei/Documents/Unreal Projects/RTS2021/Content/StarterContent/Materials/M_Ground_Moss.uasset" 553
"../../../../../Users/ppfei/Documents/Unreal Projects/RTS2021/Content/StarterContent/Textures/T_Ground_Gravel_N.uasset" 554
"../../../../../Users/ppfei/Documents/Unreal Projects/RTS2021/Content/StarterContent/Textures/T_Ground_Gravel_D.uasset" 555
"../../../../../Users/ppfei/Documents/Unreal Projects/RTS2021/Content/StarterContent/Materials/M_Ground_Gravel.uasset" 556
"../../../../../Users/ppfei/Documents/Unreal Projects/RTS2021/Content/StarterContent/Textures/T_Ground_Grass_N.uasset" 557
"../../../../../Users/ppfei/Documents/Unreal Projects/RTS2021/Content/StarterContent/Textures/T_Ground_Grass_D.uasset" 558
"../../../../../Users/ppfei/Documents/Unreal Projects/RTS2021/Content/StarterContent/Materials/M_Ground_Grass.uasset" 559
"../../../../../Users/ppfei/Documents/Unreal Projects/RTS2021/Content/StarterContent/Textures/T_Concrete_Tiles_Variation_M.uasset" 560
"../../../../../Users/ppfei/Documents/Unreal Projects/RTS2021/Content/StarterContent/Textures/T_Concrete_Tiles_N.uasset" 561
"../../../../../Users/ppfei/Documents/Unreal Projects/RTS2021/Content/StarterContent/Textures/T_Concrete_Tiles_M.uasset" 562
"../../../../../Users/ppfei/Documents/Unreal Projects/RTS2021/Content/StarterContent/Textures/T_Concrete_Tiles_D.uasset" 563
"../../../../../Users/ppfei/Documents/Unreal Projects/RTS2021/Content/StarterContent/Materials/M_Concrete_Tiles.uasset" 564
"../../../../../Users/ppfei/Documents/Unreal Projects/RTS2021/Content/StarterContent/Textures/T_Concrete_Panels_N.uasset" 565
"../../../../../Users/ppfei/Documents/Unreal Projects/RTS2021/Content/StarterContent/Textures/T_Concrete_Panels_D.uasset" 566
"../../../../../Users/ppfei/Documents/Unreal Projects/RTS2021/Content/StarterContent/Materials/M_Concrete_Panels.uasset" 567
"../../../../../Users/ppfei/Documents/Unreal Projects/RTS2021/Content/StarterContent/Textures/T_Concrete_Grime_D.uasset" 568
"../../../../../Users/ppfei/Documents/Unreal Projects/RTS2021/Content/StarterContent/Materials/M_Concrete_Grime.uasset" 569
"../../../../../Users/ppfei/Documents/Unreal Projects/RTS2021/Content/StarterContent/Textures/T_CobbleStone_Smooth_N.uasset" 570
"../../../../../Users/ppfei/Documents/Unreal Projects/RTS2021/Content/StarterContent/Textures/T_CobbleStone_Smooth_M.uasset" 571
"../../../../../Users/ppfei/Documents/Unreal Projects/RTS2021/Content/StarterContent/Textures/T_CobbleStone_Smooth_D.uasset" 572
"../../../../../Users/ppfei/Documents/Unreal Projects/RTS2021/Content/StarterContent/Textures/T_Rock_Smooth_Granite_D.uasset" 573
"../../../../../Users/ppfei/Documents/Unreal Projects/RTS2021/Content/StarterContent/Textures/T_Gradinet_01.uasset" 574
"../../../../../Users/ppfei/Documents/Unreal Projects/RTS2021/Content/StarterContent/Materials/M_CobbleStone_Smooth.uasset" 575
"../../../../../Users/ppfei/Documents/Unreal Projects/RTS2021/Content/StarterContent/Textures/T_CobbleStone_Rough_N.uasset" 576
"../../../../../Users/ppfei/Documents/Unreal Projects/RTS2021/Content/StarterContent/Textures/T_CobbleStone_Rough_D.uasset" 577
"../../../../../Users/ppfei/Documents/Unreal Projects/RTS2021/Content/StarterContent/Materials/M_CobbleStone_Rough.uasset" 578
"../../../../../Users/ppfei/Documents/Unreal Projects/RTS2021/Content/StarterContent/Textures/T_CobbleStone_Pebble_N.uasset" 579
"../../../../../Users/ppfei/Documents/Unreal Projects/RTS2021/Content/StarterContent/Textures/T_CobbleStone_Pebble_M.uasset" 580
"../../../../../Users/ppfei/Documents/Unreal Projects/RTS2021/Content/StarterContent/Textures/T_CobbleStone_Pebble_D.uasset" 581
"../../../../../Users/ppfei/Documents/Unreal Projects/RTS2021/Content/StarterContent/Materials/M_CobbleStone_Pebble.uasset" 582
"../../../../../Users/ppfei/Documents/Unreal Projects/RTS2021/Content/StarterContent/Textures/T_Ceramic_Tile_N.uasset" 583
"../../../../../Users/ppfei/Documents/Unreal Projects/RTS2021/Content/StarterContent/Textures/T_Ceramic_Tile_M.uasset" 584
"../../../../../Users/ppfei/Documents/Unreal Projects/RTS2021/Content/StarterContent/Materials/M_Ceramic_Tile_Checker.uasset" 585
"../../../../../Users/ppfei/Documents/Unreal Projects/RTS2021/Content/StarterContent/Textures/T_Brick_Hewn_Stone_N.uasset" 586
"../../../../../Users/ppfei/Documents/Unreal Projects/RTS2021/Content/StarterContent/Textures/T_Brick_Hewn_Stone_M.uasset" 587
"../../../../../Users/ppfei/Documents/Unreal Projects/RTS2021/Content/StarterContent/Textures/T_Brick_Hewn_Stone_D.uasset" 588
"../../../../../Users/ppfei/Documents/Unreal Projects/RTS2021/Content/StarterContent/Materials/M_Brick_Hewn_Stone.uasset" 589
"../../../../../Users/ppfei/Documents/Unreal Projects/RTS2021/Content/StarterContent/Textures/T_Brick_Cut_Stone_N.uasset" 590
"../../../../../Users/ppfei/Documents/Unreal Projects/RTS2021/Content/StarterContent/Textures/T_Brick_Cut_Stone_D.uasset" 591
"../../../../../Users/ppfei/Documents/Unreal Projects/RTS2021/Content/StarterContent/Materials/M_Brick_Cut_Stone.uasset" 592
"../../../../../Users/ppfei/Documents/Unreal Projects/RTS2021/Content/StarterContent/Textures/T_Brick_Clay_Old_N.uasset" 593
"../../../../../Users/ppfei/Documents/Unreal Projects/RTS2021/Content/StarterContent/Textures/T_Brick_Clay_Old_D.uasset" 594
"../../../../../Users/ppfei/Documents/Unreal Projects/RTS2021/Content/StarterContent/Materials/M_Brick_Clay_Old.uasset" 595
"../../../../../Users/ppfei/Documents/Unreal Projects/RTS2021/Content/StarterContent/Textures/T_Brick_Clay_New_N.uasset" 596
"../../../../../Users/ppfei/Documents/Unreal Projects/RTS2021/Content/StarterContent/Textures/T_Brick_Clay_New_M.uasset" 597
"../../../../../Users/ppfei/Documents/Unreal Projects/RTS2021/Content/StarterContent/Textures/T_Brick_Clay_New_D.uasset" 598
"../../../../../Users/ppfei/Documents/Unreal Projects/RTS2021/Content/StarterContent/Materials/M_Brick_Clay_New.uasset" 599
"../../../../../Users/ppfei/Documents/Unreal Projects/RTS2021/Content/StarterContent/Textures/T_Brick_Clay_Beveled_N.uasset" 600
"../../../../../Users/ppfei/Documents/Unreal Projects/RTS2021/Content/StarterContent/Textures/T_Brick_Clay_Beveled_M.uasset" 601
"../../../../../Users/ppfei/Documents/Unreal Projects/RTS2021/Content/StarterContent/Textures/T_Brick_Clay_Beveled_D.uasset" 602
"../../../../../Users/ppfei/Documents/Unreal Projects/RTS2021/Content/StarterContent/Materials/M_Brick_Clay_Beveled.uasset" 603
"../../../Engine/Content/Functions/Engine_MaterialFunctions03/Procedurals/ComputeFilterWidth.uasset" 604
"../../../Engine/Content/EngineMaterials/AntiAliasedTextMaterialTranslucent.uasset" 605
"../../../../../Users/ppfei/Documents/Unreal Projects/RTS2021/Content/StarterContent/Maps/StarterMap_BuiltData.uasset" 606
"../../../../../Users/ppfei/Documents/Unreal Projects/RTS2021/Content/StarterContent/Textures/T_Concrete_Poured_N.uasset" 607
"../../../../../Users/ppfei/Documents/Unreal Projects/RTS2021/Content/StarterContent/Textures/T_Concrete_Poured_D.uasset" 608
"../../../../../Users/ppfei/Documents/Unreal Projects/RTS2021/Content/StarterContent/Materials/M_Concrete_Poured.uasset" 609
"../../../../../Users/ppfei/Documents/Unreal Projects/RTS2021/Content/StarterContent/Maps/StarterMap.umap" 610
"../../../Engine/Content/Maps/Entry_BuiltData.uasset" 611
"../../../Engine/Content/Maps/Entry.umap" 612
